<?xml version="1.0" encoding="UTF-8"?>
<!-- Generated by org.testng.reporters.JUnitReportReporter -->
<testsuite hostname="LAPTOP-JHAG7K6N" failures="0" tests="7" name="com.auto.qa.tests.LoginPageTests" time="13.915" errors="0" timestamp="2023-02-09T19:45:30 IST" skipped="4">
  <testcase classname="com.auto.qa.tests.LoginPageTests" name="testdataprovidertest" time="5.492"/>
  <system-out/>
  <testcase classname="com.auto.qa.tests.LoginPageTests" name="testdataprovidertest" time="4.569"/>
  <system-out/>
  <testcase classname="com.auto.qa.tests.LoginPageTests" name="testdataprovidertest" time="3.854"/>
  <system-out/>
  <testcase classname="com.auto.qa.tests.LoginPageTests" name="groupTest">
    <skipped/>
  </testcase> <!-- groupTest -->
  <system-out/>
  <testcase classname="com.auto.qa.tests.LoginPageTests" name="verifyNavigateToCartPage">
    <skipped/>
  </testcase> <!-- verifyNavigateToCartPage -->
  <system-out/>
  <testcase classname="com.auto.qa.tests.LoginPageTests" name="groupTest2">
    <skipped/>
  </testcase> <!-- groupTest2 -->
  <system-out/>
  <testcase classname="com.auto.qa.tests.LoginPageTests" name="verifyNavigateToHomePage">
    <skipped/>
  </testcase> <!-- verifyNavigateToHomePage -->
  <system-out/>
</testsuite> <!-- com.auto.qa.tests.LoginPageTests -->
